build/app/intermediates/manifest_merge_blame_file/debug/manifest-merger-blame-debug-report.txt
1<?xml version="1.0" encoding="utf-8"?>
2<manifest xmlns:android="http://schemas.android.com/apk/res/android"
3    package="com.flyweb"
4    android:versionCode="1"
5    android:versionName="1.0.0" >
6
7    <uses-sdk
8        android:minSdkVersion="17"
9        android:targetSdkVersion="28" />
10    <!--
11         Flutter needs it to communicate with the running application
12         to allow setting breakpoints, to provide hot reload, etc.
13    -->
14    <uses-permission android:name="android.permission.INTERNET" />
14-->src\main\AndroidManifest.xml:9:5-67
14-->src\main\AndroidManifest.xml:9:22-64
15    <uses-permission android:name="android.permission.ACCESS_WIFI_STATE" />
15-->src\main\AndroidManifest.xml:10:5-76
15-->src\main\AndroidManifest.xml:10:22-73
16    <uses-permission android:name="android.permission.ACCESS_NETWORK_STATE" />
16-->src\main\AndroidManifest.xml:11:5-79
16-->src\main\AndroidManifest.xml:11:22-76
17    <uses-permission android:name="android.permission.WRITE_EXTERNAL_STORAGE" />
17-->src\main\AndroidManifest.xml:12:5-80
17-->src\main\AndroidManifest.xml:12:22-78
18    <uses-permission android:name="android.permission.READ_EXTERNAL_STORAGE" />
18-->src\main\AndroidManifest.xml:13:5-80
18-->src\main\AndroidManifest.xml:13:22-77
19    <uses-permission android:name="android.permission.ACCESS_FINE_LOCATION" />
19-->src\main\AndroidManifest.xml:14:5-79
19-->src\main\AndroidManifest.xml:14:22-76
20    <uses-permission android:name="android.permission.ACCESS_COARSE_LOCATION" /> <!-- Create a unique permission for your app and use it so only your app can receive your OneSignal messages. -->
20-->src\main\AndroidManifest.xml:15:5-81
20-->src\main\AndroidManifest.xml:15:22-78
21    <permission
21-->[com.onesignal:OneSignal:3.15.7] AndroidManifest.xml:7:5-9:47
22        android:name="com.flyweb.permission.C2D_MESSAGE"
22-->[com.onesignal:OneSignal:3.15.7] AndroidManifest.xml:8:9-63
23        android:protectionLevel="signature" />
23-->[com.onesignal:OneSignal:3.15.7] AndroidManifest.xml:9:9-44
24
25    <uses-permission android:name="com.flyweb.permission.C2D_MESSAGE" />
25-->[com.onesignal:OneSignal:3.15.7] AndroidManifest.xml:11:5-79
25-->[com.onesignal:OneSignal:3.15.7] AndroidManifest.xml:11:22-76
26    <uses-permission android:name="com.google.android.c2dm.permission.RECEIVE" /> <!-- Required, makes sure notifications are delivered on time. -->
26-->[com.onesignal:OneSignal:3.15.7] AndroidManifest.xml:17:5-82
26-->[com.onesignal:OneSignal:3.15.7] AndroidManifest.xml:17:22-79
27    <uses-permission android:name="android.permission.WAKE_LOCK" />
27-->[com.onesignal:OneSignal:3.15.7] AndroidManifest.xml:18:5-68
27-->[com.onesignal:OneSignal:3.15.7] AndroidManifest.xml:18:22-65
28    <!--
29 Required so the device vibrates on receiving a push notification.
30         Vibration settings of the device still apply.
31    -->
32    <uses-permission android:name="android.permission.VIBRATE" />
32-->[com.onesignal:OneSignal:3.15.7] AndroidManifest.xml:23:5-66
32-->[com.onesignal:OneSignal:3.15.7] AndroidManifest.xml:23:22-63
33    <!--
34 Use to restore notifications the user hasn't interacted with.
35         They could be missed notifications if the user reboots their device if this isn't in place.
36    -->
37    <uses-permission android:name="android.permission.RECEIVE_BOOT_COMPLETED" /> <!-- START: ShortcutBadger -->
37-->[com.onesignal:OneSignal:3.15.7] AndroidManifest.xml:29:5-81
37-->[com.onesignal:OneSignal:3.15.7] AndroidManifest.xml:29:22-78
38    <!-- Samsung -->
39    <uses-permission android:name="com.sec.android.provider.badge.permission.READ" />
39-->[com.onesignal:OneSignal:3.15.7] AndroidManifest.xml:31:5-86
39-->[com.onesignal:OneSignal:3.15.7] AndroidManifest.xml:31:22-83
40    <uses-permission android:name="com.sec.android.provider.badge.permission.WRITE" /> <!-- HTC -->
40-->[com.onesignal:OneSignal:3.15.7] AndroidManifest.xml:32:5-87
40-->[com.onesignal:OneSignal:3.15.7] AndroidManifest.xml:32:22-84
41    <uses-permission android:name="com.htc.launcher.permission.READ_SETTINGS" />
41-->[com.onesignal:OneSignal:3.15.7] AndroidManifest.xml:33:5-81
41-->[com.onesignal:OneSignal:3.15.7] AndroidManifest.xml:33:22-78
42    <uses-permission android:name="com.htc.launcher.permission.UPDATE_SHORTCUT" /> <!-- Sony -->
42-->[com.onesignal:OneSignal:3.15.7] AndroidManifest.xml:34:5-83
42-->[com.onesignal:OneSignal:3.15.7] AndroidManifest.xml:34:22-80
43    <uses-permission android:name="com.sonyericsson.home.permission.BROADCAST_BADGE" />
43-->[com.onesignal:OneSignal:3.15.7] AndroidManifest.xml:35:5-88
43-->[com.onesignal:OneSignal:3.15.7] AndroidManifest.xml:35:22-85
44    <uses-permission android:name="com.sonymobile.home.permission.PROVIDER_INSERT_BADGE" /> <!-- Apex -->
44-->[com.onesignal:OneSignal:3.15.7] AndroidManifest.xml:36:5-92
44-->[com.onesignal:OneSignal:3.15.7] AndroidManifest.xml:36:22-89
45    <uses-permission android:name="com.anddoes.launcher.permission.UPDATE_COUNT" /> <!-- Solid -->
45-->[com.onesignal:OneSignal:3.15.7] AndroidManifest.xml:37:5-84
45-->[com.onesignal:OneSignal:3.15.7] AndroidManifest.xml:37:22-81
46    <uses-permission android:name="com.majeur.launcher.permission.UPDATE_BADGE" /> <!-- Huawei -->
46-->[com.onesignal:OneSignal:3.15.7] AndroidManifest.xml:38:5-83
46-->[com.onesignal:OneSignal:3.15.7] AndroidManifest.xml:38:22-80
47    <uses-permission android:name="com.huawei.android.launcher.permission.CHANGE_BADGE" />
47-->[com.onesignal:OneSignal:3.15.7] AndroidManifest.xml:39:5-91
47-->[com.onesignal:OneSignal:3.15.7] AndroidManifest.xml:39:22-88
48    <uses-permission android:name="com.huawei.android.launcher.permission.READ_SETTINGS" />
48-->[com.onesignal:OneSignal:3.15.7] AndroidManifest.xml:40:5-92
48-->[com.onesignal:OneSignal:3.15.7] AndroidManifest.xml:40:22-89
49    <uses-permission android:name="com.huawei.android.launcher.permission.WRITE_SETTINGS" /> <!-- ZUK -->
49-->[com.onesignal:OneSignal:3.15.7] AndroidManifest.xml:41:5-93
49-->[com.onesignal:OneSignal:3.15.7] AndroidManifest.xml:41:22-90
50    <uses-permission android:name="android.permission.READ_APP_BADGE" /> <!-- OPPO -->
50-->[com.onesignal:OneSignal:3.15.7] AndroidManifest.xml:42:5-73
50-->[com.onesignal:OneSignal:3.15.7] AndroidManifest.xml:42:22-70
51    <uses-permission android:name="com.oppo.launcher.permission.READ_SETTINGS" />
51-->[com.onesignal:OneSignal:3.15.7] AndroidManifest.xml:43:5-82
51-->[com.onesignal:OneSignal:3.15.7] AndroidManifest.xml:43:22-79
52    <uses-permission android:name="com.oppo.launcher.permission.WRITE_SETTINGS" /> <!-- EvMe -->
52-->[com.onesignal:OneSignal:3.15.7] AndroidManifest.xml:44:5-83
52-->[com.onesignal:OneSignal:3.15.7] AndroidManifest.xml:44:22-80
53    <uses-permission android:name="me.everything.badger.permission.BADGE_COUNT_READ" />
53-->[com.onesignal:OneSignal:3.15.7] AndroidManifest.xml:45:5-88
53-->[com.onesignal:OneSignal:3.15.7] AndroidManifest.xml:45:22-85
54    <uses-permission android:name="me.everything.badger.permission.BADGE_COUNT_WRITE" />
54-->[com.onesignal:OneSignal:3.15.7] AndroidManifest.xml:46:5-89
54-->[com.onesignal:OneSignal:3.15.7] AndroidManifest.xml:46:22-86
55    <uses-permission android:name="com.google.android.finsky.permission.BIND_GET_INSTALL_REFERRER_SERVICE" />
55-->[com.google.android.gms:play-services-measurement:17.2.2] AndroidManifest.xml:26:5-110
55-->[com.google.android.gms:play-services-measurement:17.2.2] AndroidManifest.xml:26:22-107
56
57    <application
57-->src\main\AndroidManifest.xml:17:5-43:19
58        android:name="io.flutter.app.FlutterApplication"
58-->src\main\AndroidManifest.xml:18:9-57
59        android:appComponentFactory="androidx.core.app.CoreComponentFactory"
59-->[androidx.core:core:1.2.0] AndroidManifest.xml:24:18-86
60        android:debuggable="true"
61        android:icon="@mipmap/ic_launcher"
61-->src\main\AndroidManifest.xml:20:9-43
62        android:label="@string/app_name"
62-->src\main\AndroidManifest.xml:19:9-41
63        android:usesCleartextTraffic="true" >
63-->src\main\AndroidManifest.xml:21:9-44
64        <activity
64-->src\main\AndroidManifest.xml:23:9-34:20
65            android:name="com.flyweb.MainActivity"
65-->src\main\AndroidManifest.xml:24:13-41
66            android:configChanges="orientation|keyboardHidden|keyboard|screenSize|smallestScreenSize|locale|layoutDirection|fontScale|screenLayout|density|uiMode"
66-->src\main\AndroidManifest.xml:27:13-163
67            android:hardwareAccelerated="true"
67-->src\main\AndroidManifest.xml:28:13-47
68            android:launchMode="singleTop"
68-->src\main\AndroidManifest.xml:25:13-43
69            android:theme="@style/LaunchTheme"
69-->src\main\AndroidManifest.xml:26:13-47
70            android:windowSoftInputMode="adjustResize" >
70-->src\main\AndroidManifest.xml:29:13-55
71            <intent-filter>
71-->src\main\AndroidManifest.xml:30:13-33:29
72                <action android:name="android.intent.action.MAIN" />
72-->src\main\AndroidManifest.xml:31:17-68
72-->src\main\AndroidManifest.xml:31:25-66
73
74                <category android:name="android.intent.category.LAUNCHER" />
74-->src\main\AndroidManifest.xml:32:17-76
74-->src\main\AndroidManifest.xml:32:27-74
75            </intent-filter>
76        </activity>
77        <!--
78             Don't delete the meta-data below.
79             This is used by the Flutter tool to generate GeneratedPluginRegistrant.java
80        -->
81        <meta-data
81-->src\main\AndroidManifest.xml:37:9-39:33
82            android:name="flutterEmbedding"
82-->src\main\AndroidManifest.xml:38:13-44
83            android:value="2" />
83-->src\main\AndroidManifest.xml:39:13-30
84        <meta-data
84-->src\main\AndroidManifest.xml:40:9-42:69
85            android:name="com.google.android.gms.ads.APPLICATION_ID"
85-->src\main\AndroidManifest.xml:41:13-69
86            android:value="ca-app-pub-4730729327706435~5907314797" />
86-->src\main\AndroidManifest.xml:42:13-67
87
88        <service
88-->[:firebase_core] AndroidManifest.xml:8:9-12:19
89            android:name="com.google.firebase.components.ComponentDiscoveryService"
89-->[:firebase_core] AndroidManifest.xml:8:18-89
90            android:directBootAware="true"
90-->[com.google.firebase:firebase-common:19.3.0] AndroidManifest.xml:34:13-43
91            android:exported="false" >
91-->[com.google.android.gms:play-services-measurement-api:17.2.2] AndroidManifest.xml:29:13-37
92            <meta-data
92-->[:firebase_core] AndroidManifest.xml:9:13-11:85
93                android:name="com.google.firebase.components:io.flutter.plugins.firebase.core.FlutterFirebaseAppRegistrar"
93-->[:firebase_core] AndroidManifest.xml:10:17-123
94                android:value="com.google.firebase.components.ComponentRegistrar" />
94-->[:firebase_core] AndroidManifest.xml:11:17-82
95            <meta-data
95-->[com.google.android.gms:play-services-measurement-api:17.2.2] AndroidManifest.xml:30:13-32:85
96                android:name="com.google.firebase.components:com.google.firebase.analytics.connector.internal.AnalyticsConnectorRegistrar"
96-->[com.google.android.gms:play-services-measurement-api:17.2.2] AndroidManifest.xml:31:17-139
97                android:value="com.google.firebase.components.ComponentRegistrar" />
97-->[com.google.android.gms:play-services-measurement-api:17.2.2] AndroidManifest.xml:32:17-82
98            <meta-data
98-->[com.google.firebase:firebase-iid:20.0.2] AndroidManifest.xml:32:13-34:85
99                android:name="com.google.firebase.components:com.google.firebase.iid.Registrar"
99-->[com.google.firebase:firebase-iid:20.0.2] AndroidManifest.xml:33:17-96
100                android:value="com.google.firebase.components.ComponentRegistrar" />
100-->[com.google.firebase:firebase-iid:20.0.2] AndroidManifest.xml:34:17-82
101        </service>
102
103        <activity
103-->[:url_launcher] AndroidManifest.xml:8:9-11:74
104            android:name="io.flutter.plugins.urllauncher.WebViewActivity"
104-->[:url_launcher] AndroidManifest.xml:9:13-74
105            android:exported="false"
105-->[:url_launcher] AndroidManifest.xml:10:13-37
106            android:theme="@android:style/Theme.NoTitleBar.Fullscreen" />
106-->[:url_launcher] AndroidManifest.xml:11:13-71
107
108        <meta-data
108-->[com.onesignal:OneSignal:3.15.7] AndroidManifest.xml:49:9-51:51
109            android:name="onesignal_app_id"
109-->[com.onesignal:OneSignal:3.15.7] AndroidManifest.xml:50:13-44
110            android:value="90b0425f-3d32-429a-a7f5-cc4e5e82fe49" /> <!-- Deprecated - Pulled from OneSignal dashboard. -->
110-->[com.onesignal:OneSignal:3.15.7] AndroidManifest.xml:51:13-48
111        <meta-data
111-->[com.onesignal:OneSignal:3.15.7] AndroidManifest.xml:53:9-55:70
112            android:name="onesignal_google_project_number"
112-->[com.onesignal:OneSignal:3.15.7] AndroidManifest.xml:54:13-59
113            android:value="str:400659587054" />
113-->[com.onesignal:OneSignal:3.15.7] AndroidManifest.xml:55:13-67
114
115        <receiver
115-->[com.onesignal:OneSignal:3.15.7] AndroidManifest.xml:57:9-67:20
116            android:name="com.onesignal.GcmBroadcastReceiver"
116-->[com.onesignal:OneSignal:3.15.7] AndroidManifest.xml:58:13-62
117            android:permission="com.google.android.c2dm.permission.SEND" >
117-->[com.onesignal:OneSignal:3.15.7] AndroidManifest.xml:59:13-73
118
119            <!-- High priority so OneSignal payloads can be filtered from other GCM receivers if filterOtherGCMReceivers is enabled. -->
120            <intent-filter android:priority="999" >
120-->[com.onesignal:OneSignal:3.15.7] AndroidManifest.xml:62:13-66:29
120-->[com.onesignal:OneSignal:3.15.7] AndroidManifest.xml:62:28-50
121                <action android:name="com.google.android.c2dm.intent.RECEIVE" />
121-->[com.onesignal:OneSignal:3.15.7] AndroidManifest.xml:63:17-81
121-->[com.onesignal:OneSignal:3.15.7] AndroidManifest.xml:63:25-78
122
123                <category android:name="com.flyweb" />
123-->[com.onesignal:OneSignal:3.15.7] AndroidManifest.xml:65:17-61
123-->[com.onesignal:OneSignal:3.15.7] AndroidManifest.xml:65:27-58
124            </intent-filter>
125        </receiver>
126        <receiver android:name="com.onesignal.NotificationOpenedReceiver" />
126-->[com.onesignal:OneSignal:3.15.7] AndroidManifest.xml:68:9-77
126-->[com.onesignal:OneSignal:3.15.7] AndroidManifest.xml:68:19-74
127
128        <service
128-->[com.onesignal:OneSignal:3.15.7] AndroidManifest.xml:70:9-76:19
129            android:name="com.onesignal.HmsMessageServiceOneSignal"
129-->[com.onesignal:OneSignal:3.15.7] AndroidManifest.xml:71:13-68
130            android:exported="false" >
130-->[com.onesignal:OneSignal:3.15.7] AndroidManifest.xml:72:13-37
131            <intent-filter>
131-->[com.onesignal:OneSignal:3.15.7] AndroidManifest.xml:73:13-75:29
132                <action android:name="com.huawei.push.action.MESSAGING_EVENT" />
132-->[com.onesignal:OneSignal:3.15.7] AndroidManifest.xml:74:17-81
132-->[com.onesignal:OneSignal:3.15.7] AndroidManifest.xml:74:25-78
133            </intent-filter>
134        </service>
135
136        <activity
136-->[com.onesignal:OneSignal:3.15.7] AndroidManifest.xml:78:9-84:20
137            android:name="com.onesignal.NotificationOpenedActivityHMS"
137-->[com.onesignal:OneSignal:3.15.7] AndroidManifest.xml:79:13-71
138            android:theme="@android:style/Theme.Translucent.NoTitleBar" >
138-->[com.onesignal:OneSignal:3.15.7] AndroidManifest.xml:80:13-72
139            <intent-filter>
139-->[com.onesignal:OneSignal:3.15.7] AndroidManifest.xml:81:13-83:29
140                <action android:name="android.intent.action.VIEW" />
140-->[com.onesignal:OneSignal:3.15.7] AndroidManifest.xml:82:17-69
140-->[com.onesignal:OneSignal:3.15.7] AndroidManifest.xml:82:25-66
141            </intent-filter>
142        </activity>
143
144        <service android:name="com.onesignal.GcmIntentService" />
144-->[com.onesignal:OneSignal:3.15.7] AndroidManifest.xml:86:9-66
144-->[com.onesignal:OneSignal:3.15.7] AndroidManifest.xml:86:18-63
145        <service
145-->[com.onesignal:OneSignal:3.15.7] AndroidManifest.xml:87:9-89:72
146            android:name="com.onesignal.GcmIntentJobService"
146-->[com.onesignal:OneSignal:3.15.7] AndroidManifest.xml:88:13-61
147            android:permission="android.permission.BIND_JOB_SERVICE" />
147-->[com.onesignal:OneSignal:3.15.7] AndroidManifest.xml:89:13-69
148        <service
148-->[com.onesignal:OneSignal:3.15.7] AndroidManifest.xml:90:9-92:72
149            android:name="com.onesignal.RestoreJobService"
149-->[com.onesignal:OneSignal:3.15.7] AndroidManifest.xml:91:13-59
150            android:permission="android.permission.BIND_JOB_SERVICE" />
150-->[com.onesignal:OneSignal:3.15.7] AndroidManifest.xml:92:13-69
151        <service
151-->[com.onesignal:OneSignal:3.15.7] AndroidManifest.xml:93:9-95:72
152            android:name="com.onesignal.RestoreKickoffJobService"
152-->[com.onesignal:OneSignal:3.15.7] AndroidManifest.xml:94:13-66
153            android:permission="android.permission.BIND_JOB_SERVICE" />
153-->[com.onesignal:OneSignal:3.15.7] AndroidManifest.xml:95:13-69
154        <service
154-->[com.onesignal:OneSignal:3.15.7] AndroidManifest.xml:96:9-98:43
155            android:name="com.onesignal.SyncService"
155-->[com.onesignal:OneSignal:3.15.7] AndroidManifest.xml:97:13-53
156            android:stopWithTask="true" />
156-->[com.onesignal:OneSignal:3.15.7] AndroidManifest.xml:98:13-40
157        <service
157-->[com.onesignal:OneSignal:3.15.7] AndroidManifest.xml:99:9-101:72
158            android:name="com.onesignal.SyncJobService"
158-->[com.onesignal:OneSignal:3.15.7] AndroidManifest.xml:100:13-56
159            android:permission="android.permission.BIND_JOB_SERVICE" />
159-->[com.onesignal:OneSignal:3.15.7] AndroidManifest.xml:101:13-69
160
161        <activity
161-->[com.onesignal:OneSignal:3.15.7] AndroidManifest.xml:103:9-105:75
162            android:name="com.onesignal.PermissionsActivity"
162-->[com.onesignal:OneSignal:3.15.7] AndroidManifest.xml:104:13-61
163            android:theme="@android:style/Theme.Translucent.NoTitleBar" />
163-->[com.onesignal:OneSignal:3.15.7] AndroidManifest.xml:105:13-72
164
165        <service android:name="com.onesignal.NotificationRestoreService" />
165-->[com.onesignal:OneSignal:3.15.7] AndroidManifest.xml:107:9-76
165-->[com.onesignal:OneSignal:3.15.7] AndroidManifest.xml:107:18-73
166
167        <receiver android:name="com.onesignal.BootUpReceiver" >
167-->[com.onesignal:OneSignal:3.15.7] AndroidManifest.xml:109:9-114:20
167-->[com.onesignal:OneSignal:3.15.7] AndroidManifest.xml:109:19-62
168            <intent-filter>
168-->[com.onesignal:OneSignal:3.15.7] AndroidManifest.xml:110:13-113:29
169                <action android:name="android.intent.action.BOOT_COMPLETED" />
169-->[com.onesignal:OneSignal:3.15.7] AndroidManifest.xml:111:17-79
169-->[com.onesignal:OneSignal:3.15.7] AndroidManifest.xml:111:25-76
170                <action android:name="android.intent.action.QUICKBOOT_POWERON" />
170-->[com.onesignal:OneSignal:3.15.7] AndroidManifest.xml:112:17-82
170-->[com.onesignal:OneSignal:3.15.7] AndroidManifest.xml:112:25-79
171            </intent-filter>
172        </receiver>
173        <receiver android:name="com.onesignal.UpgradeReceiver" >
173-->[com.onesignal:OneSignal:3.15.7] AndroidManifest.xml:115:9-119:20
173-->[com.onesignal:OneSignal:3.15.7] AndroidManifest.xml:115:19-63
174            <intent-filter>
174-->[com.onesignal:OneSignal:3.15.7] AndroidManifest.xml:116:13-118:29
175                <action android:name="android.intent.action.MY_PACKAGE_REPLACED" />
175-->[com.onesignal:OneSignal:3.15.7] AndroidManifest.xml:117:17-84
175-->[com.onesignal:OneSignal:3.15.7] AndroidManifest.xml:117:25-81
176            </intent-filter>
177        </receiver>
178        <!--
179             FirebaseMessagingService performs security checks at runtime,
180             but set to not exported to explicitly avoid allowing another app to call it.
181        -->
182        <service
182-->[com.google.firebase:firebase-messaging:20.0.0] AndroidManifest.xml:28:9-34:19
183            android:name="com.google.firebase.messaging.FirebaseMessagingService"
183-->[com.google.firebase:firebase-messaging:20.0.0] AndroidManifest.xml:29:13-82
184            android:exported="false" >
184-->[com.google.firebase:firebase-messaging:20.0.0] AndroidManifest.xml:30:13-37
185            <intent-filter android:priority="-500" >
185-->[com.google.firebase:firebase-messaging:20.0.0] AndroidManifest.xml:31:13-33:29
185-->[com.google.firebase:firebase-messaging:20.0.0] AndroidManifest.xml:31:28-51
186                <action android:name="com.google.firebase.MESSAGING_EVENT" />
186-->[com.google.firebase:firebase-messaging:20.0.0] AndroidManifest.xml:32:17-78
186-->[com.google.firebase:firebase-messaging:20.0.0] AndroidManifest.xml:32:25-75
187            </intent-filter>
188        </service>
189
190        <receiver
190-->[com.google.firebase:firebase-iid:20.0.2] AndroidManifest.xml:37:9-44:20
191            android:name="com.google.firebase.iid.FirebaseInstanceIdReceiver"
191-->[com.google.firebase:firebase-iid:20.0.2] AndroidManifest.xml:38:13-78
192            android:exported="true"
192-->[com.google.firebase:firebase-iid:20.0.2] AndroidManifest.xml:39:13-36
193            android:permission="com.google.android.c2dm.permission.SEND" >
193-->[com.google.firebase:firebase-iid:20.0.2] AndroidManifest.xml:40:13-73
194            <intent-filter>
194-->[com.google.firebase:firebase-iid:20.0.2] AndroidManifest.xml:41:13-43:29
195                <action android:name="com.google.android.c2dm.intent.RECEIVE" />
195-->[com.onesignal:OneSignal:3.15.7] AndroidManifest.xml:63:17-81
195-->[com.onesignal:OneSignal:3.15.7] AndroidManifest.xml:63:25-78
196            </intent-filter>
197        </receiver>
198
199        <activity
199-->[com.google.android.gms:play-services-base:17.2.1] AndroidManifest.xml:23:9-26:75
200            android:name="com.google.android.gms.common.api.GoogleApiActivity"
200-->[com.google.android.gms:play-services-base:17.2.1] AndroidManifest.xml:24:13-79
201            android:exported="false"
201-->[com.google.android.gms:play-services-base:17.2.1] AndroidManifest.xml:25:13-37
202            android:theme="@android:style/Theme.Translucent.NoTitleBar" /> <!-- Include the AdActivity and InAppPurchaseActivity configChanges and themes. -->
202-->[com.google.android.gms:play-services-base:17.2.1] AndroidManifest.xml:26:13-72
203        <activity
203-->[com.google.android.gms:play-services-ads-lite:18.1.1] AndroidManifest.xml:29:9-33:64
204            android:name="com.google.android.gms.ads.AdActivity"
204-->[com.google.android.gms:play-services-ads-lite:18.1.1] AndroidManifest.xml:30:13-65
205            android:configChanges="keyboard|keyboardHidden|orientation|screenLayout|uiMode|screenSize|smallestScreenSize"
205-->[com.google.android.gms:play-services-ads-lite:18.1.1] AndroidManifest.xml:31:13-122
206            android:exported="false"
206-->[com.google.android.gms:play-services-ads-lite:18.1.1] AndroidManifest.xml:32:13-37
207            android:theme="@android:style/Theme.Translucent" />
207-->[com.google.android.gms:play-services-ads-lite:18.1.1] AndroidManifest.xml:33:13-61
208
209        <provider
209-->[com.google.android.gms:play-services-ads-lite:18.1.1] AndroidManifest.xml:35:9-39:39
210            android:name="com.google.android.gms.ads.MobileAdsInitProvider"
210-->[com.google.android.gms:play-services-ads-lite:18.1.1] AndroidManifest.xml:36:13-76
211            android:authorities="com.flyweb.mobileadsinitprovider"
211-->[com.google.android.gms:play-services-ads-lite:18.1.1] AndroidManifest.xml:37:13-73
212            android:exported="false"
212-->[com.google.android.gms:play-services-ads-lite:18.1.1] AndroidManifest.xml:38:13-37
213            android:initOrder="100" />
213-->[com.google.android.gms:play-services-ads-lite:18.1.1] AndroidManifest.xml:39:13-36
214
215        <receiver
215-->[com.google.android.gms:play-services-measurement:17.2.2] AndroidManifest.xml:29:9-33:20
216            android:name="com.google.android.gms.measurement.AppMeasurementReceiver"
216-->[com.google.android.gms:play-services-measurement:17.2.2] AndroidManifest.xml:30:13-85
217            android:enabled="true"
217-->[com.google.android.gms:play-services-measurement:17.2.2] AndroidManifest.xml:31:13-35
218            android:exported="false" >
218-->[com.google.android.gms:play-services-measurement:17.2.2] AndroidManifest.xml:32:13-37
219        </receiver>
220        <receiver
220-->[com.google.android.gms:play-services-measurement:17.2.2] AndroidManifest.xml:34:9-42:20
221            android:name="com.google.android.gms.measurement.AppMeasurementInstallReferrerReceiver"
221-->[com.google.android.gms:play-services-measurement:17.2.2] AndroidManifest.xml:35:13-100
222            android:enabled="true"
222-->[com.google.android.gms:play-services-measurement:17.2.2] AndroidManifest.xml:36:13-35
223            android:exported="true"
223-->[com.google.android.gms:play-services-measurement:17.2.2] AndroidManifest.xml:37:13-36
224            android:permission="android.permission.INSTALL_PACKAGES" >
224-->[com.google.android.gms:play-services-measurement:17.2.2] AndroidManifest.xml:38:13-69
225            <intent-filter>
225-->[com.google.android.gms:play-services-measurement:17.2.2] AndroidManifest.xml:39:13-41:29
226                <action android:name="com.android.vending.INSTALL_REFERRER" />
226-->[com.google.android.gms:play-services-measurement:17.2.2] AndroidManifest.xml:40:17-79
226-->[com.google.android.gms:play-services-measurement:17.2.2] AndroidManifest.xml:40:25-76
227            </intent-filter>
228        </receiver>
229
230        <service
230-->[com.google.android.gms:play-services-measurement:17.2.2] AndroidManifest.xml:44:9-47:40
231            android:name="com.google.android.gms.measurement.AppMeasurementService"
231-->[com.google.android.gms:play-services-measurement:17.2.2] AndroidManifest.xml:45:13-84
232            android:enabled="true"
232-->[com.google.android.gms:play-services-measurement:17.2.2] AndroidManifest.xml:46:13-35
233            android:exported="false" />
233-->[com.google.android.gms:play-services-measurement:17.2.2] AndroidManifest.xml:47:13-37
234        <service
234-->[com.google.android.gms:play-services-measurement:17.2.2] AndroidManifest.xml:48:9-52:72
235            android:name="com.google.android.gms.measurement.AppMeasurementJobService"
235-->[com.google.android.gms:play-services-measurement:17.2.2] AndroidManifest.xml:49:13-87
236            android:enabled="true"
236-->[com.google.android.gms:play-services-measurement:17.2.2] AndroidManifest.xml:50:13-35
237            android:exported="false"
237-->[com.google.android.gms:play-services-measurement:17.2.2] AndroidManifest.xml:51:13-37
238            android:permission="android.permission.BIND_JOB_SERVICE" />
238-->[com.google.android.gms:play-services-measurement:17.2.2] AndroidManifest.xml:52:13-69
239
240        <provider
240-->[com.google.firebase:firebase-common:19.3.0] AndroidManifest.xml:26:9-30:39
241            android:name="com.google.firebase.provider.FirebaseInitProvider"
241-->[com.google.firebase:firebase-common:19.3.0] AndroidManifest.xml:27:13-77
242            android:authorities="com.flyweb.firebaseinitprovider"
242-->[com.google.firebase:firebase-common:19.3.0] AndroidManifest.xml:28:13-72
243            android:exported="false"
243-->[com.google.firebase:firebase-common:19.3.0] AndroidManifest.xml:29:13-37
244            android:initOrder="100" />
244-->[com.google.firebase:firebase-common:19.3.0] AndroidManifest.xml:30:13-36
245
246        <meta-data
246-->[com.google.android.gms:play-services-basement:17.2.1] AndroidManifest.xml:23:9-25:69
247            android:name="com.google.android.gms.version"
247-->[com.google.android.gms:play-services-basement:17.2.1] AndroidManifest.xml:24:13-58
248            android:value="@integer/google_play_services_version" />
248-->[com.google.android.gms:play-services-basement:17.2.1] AndroidManifest.xml:25:13-66
249    </application>
250
251</manifest>